# JRE version: OpenJDK Runtime Environment Temurin-21.0.4+7 (21.0.4+7) (build 21.0.4+7-LTS)
# Java VM: OpenJDK 64-Bit Server VM Temurin-21.0.4+7 (21.0.4+7-LTS, mixed mode, emulated-client, tiered, compressed oops, compressed class ptrs, g1 gc, windows-amd64)
GC Precious Log:
 CardTable entry size: 512
 Card Set container configuration: InlinePtr #cards 4 size 8 Array Of Cards #cards 16 size 48 Howl #buckets 8 coarsen threshold 3686 Howl Bitmap #cards 512 size 80 coarsen threshold 460 Card regions per heap region 1 cards per card region 4096
 CPUs: 8 total, 8 available
 Memory: 16262M
 Large Page Support: Disabled
 NUMA Support: Disabled
 Compressed Oops: Enabled (Zero based)
 Heap Region Size: 2M
 Heap Min Capacity: 8M
 Heap Initial Capacity: 256M
 Heap Max Capacity: 4066M
 Pre-touch: Disabled
 Parallel Workers: 8
 Concurrent Workers: 2
 Concurrent Refinement Workers: 8
 Periodic GC: Disabled
Heap:
 garbage-first heap   total 151552K, used 121342K [0x0000000701e00000, 0x0000000800000000)
  region size 2048K, 37 young (75776K), 3 survivors (6144K)
 Metaspace       used 94241K, committed 94976K, reserved 1179648K
  class space    used 12340K, committed 12672K, reserved 1048576K
GC Heap History (20 events):
Event: 535.234 GC heap after
{Heap after GC invocations=91 (full 5):
 garbage-first heap   total 135168K, used 71267K [0x0000000701e00000, 0x0000000800000000)
  region size 2048K, 4 young (8192K), 4 survivors (8192K)
 Metaspace       used 93326K, committed 94016K, reserved 1179648K
  class space    used 12257K, committed 12544K, reserved 1048576K
}
Event: 535.372 GC heap before
{Heap before GC invocations=91 (full 5):
 garbage-first heap   total 135168K, used 108131K [0x0000000701e00000, 0x0000000800000000)
  region size 2048K, 23 young (47104K), 4 survivors (8192K)
 Metaspace       used 93326K, committed 94016K, reserved 1179648K
  class space    used 12257K, committed 12544K, reserved 1048576K
}
Event: 535.380 GC heap after
{Heap after GC invocations=92 (full 5):
 garbage-first heap   total 135168K, used 80270K [0x0000000701e00000, 0x0000000800000000)
  region size 2048K, 3 young (6144K), 3 survivors (6144K)
 Metaspace       used 93326K, committed 94016K, reserved 1179648K
  class space    used 12257K, committed 12544K, reserved 1048576K
}
Event: 535.478 GC heap before
{Heap before GC invocations=93 (full 5):
 garbage-first heap   total 135168K, used 110990K [0x0000000701e00000, 0x0000000800000000)
  region size 2048K, 19 young (38912K), 3 survivors (6144K)
 Metaspace       used 93326K, committed 94016K, reserved 1179648K
  class space    used 12257K, committed 12544K, reserved 1048576K
}
Event: 535.486 GC heap after
{Heap after GC invocations=94 (full 5):
 garbage-first heap   total 202752K, used 90768K [0x0000000701e00000, 0x0000000800000000)
  region size 2048K, 3 young (6144K), 3 survivors (6144K)
 Metaspace       used 93326K, committed 94016K, reserved 1179648K
  class space    used 12257K, committed 12544K, reserved 1048576K
}
Event: 535.670 GC heap before
{Heap before GC invocations=94 (full 5):
 garbage-first heap   total 202752K, used 152208K [0x0000000701e00000, 0x0000000800000000)
  region size 2048K, 34 young (69632K), 3 survivors (6144K)
 Metaspace       used 93326K, committed 94016K, reserved 1179648K
  class space    used 12257K, committed 12544K, reserved 1048576K
}
Event: 535.683 GC heap after
{Heap after GC invocations=95 (full 5):
 garbage-first heap   total 202752K, used 107609K [0x0000000701e00000, 0x0000000800000000)
  region size 2048K, 5 young (10240K), 5 survivors (10240K)
 Metaspace       used 93326K, committed 94016K, reserved 1179648K
  class space    used 12257K, committed 12544K, reserved 1048576K
}
Event: 535.781 GC heap before
{Heap before GC invocations=95 (full 5):
 garbage-first heap   total 202752K, used 158809K [0x0000000701e00000, 0x0000000800000000)
  region size 2048K, 31 young (63488K), 5 survivors (10240K)
 Metaspace       used 93326K, committed 94016K, reserved 1179648K
  class space    used 12257K, committed 12544K, reserved 1048576K
}
Event: 535.794 GC heap after
{Heap after GC invocations=96 (full 5):
 garbage-first heap   total 202752K, used 122776K [0x0000000701e00000, 0x0000000800000000)
  region size 2048K, 4 young (8192K), 4 survivors (8192K)
 Metaspace       used 93326K, committed 94016K, reserved 1179648K
  class space    used 12257K, committed 12544K, reserved 1048576K
}
Event: 588.020 GC heap before
{Heap before GC invocations=97 (full 5):
 garbage-first heap   total 202752K, used 157592K [0x0000000701e00000, 0x0000000800000000)
  region size 2048K, 25 young (51200K), 4 survivors (8192K)
 Metaspace       used 93314K, committed 94016K, reserved 1179648K
  class space    used 12256K, committed 12544K, reserved 1048576K
}
Event: 588.027 GC heap after
{Heap after GC invocations=98 (full 5):
 garbage-first heap   total 202752K, used 122118K [0x0000000701e00000, 0x0000000800000000)
  region size 2048K, 2 young (4096K), 2 survivors (4096K)
 Metaspace       used 93314K, committed 94016K, reserved 1179648K
  class space    used 12256K, committed 12544K, reserved 1048576K
}
Event: 602.507 GC heap before
{Heap before GC invocations=98 (full 5):
 garbage-first heap   total 202752K, used 128262K [0x0000000701e00000, 0x0000000800000000)
  region size 2048K, 6 young (12288K), 2 survivors (4096K)
 Metaspace       used 93327K, committed 94016K, reserved 1179648K
  class space    used 12258K, committed 12544K, reserved 1048576K
}
Event: 602.556 GC heap after
{Heap after GC invocations=99 (full 6):
 garbage-first heap   total 151552K, used 41981K [0x0000000701e00000, 0x0000000800000000)
  region size 2048K, 0 young (0K), 0 survivors (0K)
 Metaspace       used 93327K, committed 94016K, reserved 1179648K
  class space    used 12258K, committed 12544K, reserved 1048576K
}
Event: 603.500 GC heap before
{Heap before GC invocations=99 (full 6):
 garbage-first heap   total 151552K, used 107517K [0x0000000701e00000, 0x0000000800000000)
  region size 2048K, 32 young (65536K), 0 survivors (0K)
 Metaspace       used 93636K, committed 94336K, reserved 1179648K
  class space    used 12292K, committed 12608K, reserved 1048576K
}
Event: 603.504 GC heap after
{Heap after GC invocations=100 (full 6):
 garbage-first heap   total 151552K, used 46964K [0x0000000701e00000, 0x0000000800000000)
  region size 2048K, 3 young (6144K), 3 survivors (6144K)
 Metaspace       used 93636K, committed 94336K, reserved 1179648K
  class space    used 12292K, committed 12608K, reserved 1048576K
}
Event: 604.310 GC heap before
{Heap before GC invocations=101 (full 6):
 garbage-first heap   total 151552K, used 112500K [0x0000000701e00000, 0x0000000800000000)
  region size 2048K, 35 young (71680K), 3 survivors (6144K)
 Metaspace       used 93966K, committed 94720K, reserved 1179648K
  class space    used 12316K, committed 12672K, reserved 1048576K
}
Event: 604.315 GC heap after
{Heap after GC invocations=102 (full 6):
 garbage-first heap   total 151552K, used 50282K [0x0000000701e00000, 0x0000000800000000)
  region size 2048K, 5 young (10240K), 5 survivors (10240K)
 Metaspace       used 93966K, committed 94720K, reserved 1179648K
  class space    used 12316K, committed 12672K, reserved 1048576K
}
Event: 686.305 GC heap before
{Heap before GC invocations=102 (full 6):
 garbage-first heap   total 151552K, used 115818K [0x0000000701e00000, 0x0000000800000000)
  region size 2048K, 37 young (75776K), 5 survivors (10240K)
 Metaspace       used 94219K, committed 94976K, reserved 1179648K
  class space    used 12337K, committed 12672K, reserved 1048576K
}
Event: 686.311 GC heap after
{Heap after GC invocations=103 (full 6):
 garbage-first heap   total 151552K, used 51710K [0x0000000701e00000, 0x0000000800000000)
  region size 2048K, 3 young (6144K), 3 survivors (6144K)
 Metaspace       used 94219K, committed 94976K, reserved 1179648K
  class space    used 12337K, committed 12672K, reserved 1048576K
}
Event: 1280.295 GC heap before
{Heap before GC invocations=103 (full 6):
 garbage-first heap   total 151552K, used 121342K [0x0000000701e00000, 0x0000000800000000)
  region size 2048K, 37 young (75776K), 3 survivors (6144K)
 Metaspace       used 94241K, committed 94976K, reserved 1179648K
  class space    used 12340K, committed 12672K, reserved 1048576K
}

