# JRE version: OpenJDK Runtime Environment Temurin-21.0.4+7 (21.0.4+7) (build 21.0.4+7-LTS)
# Java VM: OpenJDK 64-Bit Server VM Temurin-21.0.4+7 (21.0.4+7-LTS, mixed mode, emulated-client, tiered, compressed oops, compressed class ptrs, g1 gc, windows-amd64)
GC Precious Log:
 CardTable entry size: 512
 Card Set container configuration: InlinePtr #cards 4 size 8 Array Of Cards #cards 16 size 48 Howl #buckets 8 coarsen threshold 3686 Howl Bitmap #cards 512 size 80 coarsen threshold 460 Card regions per heap region 1 cards per card region 4096
 CPUs: 8 total, 8 available
 Memory: 16262M
 Large Page Support: Disabled
 NUMA Support: Disabled
 Compressed Oops: Enabled (Zero based)
 Heap Region Size: 2M
 Heap Min Capacity: 8M
 Heap Initial Capacity: 256M
 Heap Max Capacity: 4066M
 Pre-touch: Disabled
 Parallel Workers: 8
 Concurrent Workers: 2
 Concurrent Refinement Workers: 8
 Periodic GC: Disabled
Heap:
 garbage-first heap   total 143360K, used 95708K [0x0000000701e00000, 0x0000000800000000)
  region size 2048K, 30 young (61440K), 4 survivors (8192K)
 Metaspace       used 88458K, committed 89280K, reserved 1179648K
  class space    used 11857K, committed 12224K, reserved 1048576K
GC Heap History (20 events):
Event: 8.698 GC heap before
{Heap before GC invocations=27 (full 0):
 garbage-first heap   total 124928K, used 104421K [0x0000000701e00000, 0x0000000800000000)
  region size 2048K, 31 young (63488K), 5 survivors (10240K)
 Metaspace       used 83532K, committed 84160K, reserved 1179648K
  class space    used 11097K, committed 11392K, reserved 1048576K
}
Event: 8.712 GC heap after
{Heap after GC invocations=28 (full 0):
 garbage-first heap   total 159744K, used 68523K [0x0000000701e00000, 0x0000000800000000)
  region size 2048K, 4 young (8192K), 4 survivors (8192K)
 Metaspace       used 83532K, committed 84160K, reserved 1179648K
  class space    used 11097K, committed 11392K, reserved 1048576K
}
Event: 8.929 GC heap before
{Heap before GC invocations=29 (full 0):
 garbage-first heap   total 159744K, used 127915K [0x0000000701e00000, 0x0000000800000000)
  region size 2048K, 34 young (69632K), 4 survivors (8192K)
 Metaspace       used 83546K, committed 84160K, reserved 1179648K
  class space    used 11101K, committed 11392K, reserved 1048576K
}
Event: 8.942 GC heap after
{Heap after GC invocations=30 (full 0):
 garbage-first heap   total 159744K, used 85581K [0x0000000701e00000, 0x0000000800000000)
  region size 2048K, 5 young (10240K), 5 survivors (10240K)
 Metaspace       used 83546K, committed 84160K, reserved 1179648K
  class space    used 11101K, committed 11392K, reserved 1048576K
}
Event: 9.073 GC heap before
{Heap before GC invocations=30 (full 0):
 garbage-first heap   total 159744K, used 128589K [0x0000000701e00000, 0x0000000800000000)
  region size 2048K, 27 young (55296K), 5 survivors (10240K)
 Metaspace       used 83546K, committed 84160K, reserved 1179648K
  class space    used 11101K, committed 11392K, reserved 1048576K
}
Event: 9.087 GC heap after
{Heap after GC invocations=31 (full 0):
 garbage-first heap   total 159744K, used 98971K [0x0000000701e00000, 0x0000000800000000)
  region size 2048K, 4 young (8192K), 4 survivors (8192K)
 Metaspace       used 83546K, committed 84160K, reserved 1179648K
  class space    used 11101K, committed 11392K, reserved 1048576K
}
Event: 9.173 GC heap before
{Heap before GC invocations=31 (full 0):
 garbage-first heap   total 159744K, used 131739K [0x0000000701e00000, 0x0000000800000000)
  region size 2048K, 21 young (43008K), 4 survivors (8192K)
 Metaspace       used 83546K, committed 84160K, reserved 1179648K
  class space    used 11101K, committed 11392K, reserved 1048576K
}
Event: 9.182 GC heap after
{Heap after GC invocations=32 (full 0):
 garbage-first heap   total 159744K, used 107603K [0x0000000701e00000, 0x0000000800000000)
  region size 2048K, 3 young (6144K), 3 survivors (6144K)
 Metaspace       used 83546K, committed 84160K, reserved 1179648K
  class space    used 11101K, committed 11392K, reserved 1048576K
}
Event: 9.293 GC heap before
{Heap before GC invocations=32 (full 0):
 garbage-first heap   total 182272K, used 138323K [0x0000000701e00000, 0x0000000800000000)
  region size 2048K, 18 young (36864K), 3 survivors (6144K)
 Metaspace       used 83533K, committed 84160K, reserved 1179648K
  class space    used 11098K, committed 11392K, reserved 1048576K
}
Event: 9.305 GC heap after
{Heap after GC invocations=33 (full 0):
 garbage-first heap   total 182272K, used 118102K [0x0000000701e00000, 0x0000000800000000)
  region size 2048K, 3 young (6144K), 3 survivors (6144K)
 Metaspace       used 83533K, committed 84160K, reserved 1179648K
  class space    used 11098K, committed 11392K, reserved 1048576K
}
Event: 9.751 GC heap before
{Heap before GC invocations=34 (full 0):
 garbage-first heap   total 182272K, used 154966K [0x0000000701e00000, 0x0000000800000000)
  region size 2048K, 21 young (43008K), 3 survivors (6144K)
 Metaspace       used 85012K, committed 85696K, reserved 1179648K
  class space    used 11386K, committed 11712K, reserved 1048576K
}
Event: 9.756 GC heap after
{Heap after GC invocations=35 (full 0):
 garbage-first heap   total 182272K, used 122120K [0x0000000701e00000, 0x0000000800000000)
  region size 2048K, 2 young (4096K), 2 survivors (4096K)
 Metaspace       used 85012K, committed 85696K, reserved 1179648K
  class space    used 11386K, committed 11712K, reserved 1048576K
}
Event: 10.156 GC heap before
{Heap before GC invocations=35 (full 0):
 garbage-first heap   total 182272K, used 156936K [0x0000000701e00000, 0x0000000800000000)
  region size 2048K, 20 young (40960K), 2 survivors (4096K)
 Metaspace       used 86322K, committed 87040K, reserved 1179648K
  class space    used 11562K, committed 11904K, reserved 1048576K
}
Event: 10.165 GC heap after
{Heap after GC invocations=36 (full 0):
 garbage-first heap   total 364544K, used 106384K [0x0000000701e00000, 0x0000000800000000)
  region size 2048K, 3 young (6144K), 3 survivors (6144K)
 Metaspace       used 86322K, committed 87040K, reserved 1179648K
  class space    used 11562K, committed 11904K, reserved 1048576K
}
Event: 66.853 GC heap before
{Heap before GC invocations=36 (full 0):
 garbage-first heap   total 364544K, used 128912K [0x0000000701e00000, 0x0000000800000000)
  region size 2048K, 16 young (32768K), 3 survivors (6144K)
 Metaspace       used 87545K, committed 88320K, reserved 1179648K
  class space    used 11769K, committed 12160K, reserved 1048576K
}
Event: 66.902 GC heap after
{Heap after GC invocations=37 (full 1):
 garbage-first heap   total 143360K, used 36484K [0x0000000701e00000, 0x0000000800000000)
  region size 2048K, 0 young (0K), 0 survivors (0K)
 Metaspace       used 87545K, committed 88320K, reserved 1179648K
  class space    used 11769K, committed 12160K, reserved 1048576K
}
Event: 67.892 GC heap before
{Heap before GC invocations=37 (full 1):
 garbage-first heap   total 143360K, used 104068K [0x0000000701e00000, 0x0000000800000000)
  region size 2048K, 33 young (67584K), 0 survivors (0K)
 Metaspace       used 87857K, committed 88704K, reserved 1179648K
  class space    used 11803K, committed 12160K, reserved 1048576K
}
Event: 67.896 GC heap after
{Heap after GC invocations=38 (full 1):
 garbage-first heap   total 143360K, used 41353K [0x0000000701e00000, 0x0000000800000000)
  region size 2048K, 3 young (6144K), 3 survivors (6144K)
 Metaspace       used 87857K, committed 88704K, reserved 1179648K
  class space    used 11803K, committed 12160K, reserved 1048576K
}
Event: 68.709 GC heap before
{Heap before GC invocations=38 (full 1):
 garbage-first heap   total 143360K, used 106889K [0x0000000701e00000, 0x0000000800000000)
  region size 2048K, 35 young (71680K), 3 survivors (6144K)
 Metaspace       used 88205K, committed 89088K, reserved 1179648K
  class space    used 11835K, committed 12224K, reserved 1048576K
}
Event: 68.715 GC heap after
{Heap after GC invocations=39 (full 1):
 garbage-first heap   total 143360K, used 44508K [0x0000000701e00000, 0x0000000800000000)
  region size 2048K, 4 young (8192K), 4 survivors (8192K)
 Metaspace       used 88205K, committed 89088K, reserved 1179648K
  class space    used 11835K, committed 12224K, reserved 1048576K
}

