# JRE version: OpenJDK Runtime Environment Temurin-21.0.4+7 (21.0.4+7) (build 21.0.4+7-LTS)
# Java VM: OpenJDK 64-Bit Server VM Temurin-21.0.4+7 (21.0.4+7-LTS, mixed mode, emulated-client, tiered, compressed oops, compressed class ptrs, g1 gc, windows-amd64)
GC Precious Log:
 CardTable entry size: 512
 Card Set container configuration: InlinePtr #cards 4 size 8 Array Of Cards #cards 16 size 48 Howl #buckets 8 coarsen threshold 3686 Howl Bitmap #cards 512 size 80 coarsen threshold 460 Card regions per heap region 1 cards per card region 4096
 CPUs: 8 total, 8 available
 Memory: 16262M
 Large Page Support: Disabled
 NUMA Support: Disabled
 Compressed Oops: Enabled (Zero based)
 Heap Region Size: 2M
 Heap Min Capacity: 8M
 Heap Initial Capacity: 256M
 Heap Max Capacity: 4066M
 Pre-touch: Disabled
 Parallel Workers: 8
 Concurrent Workers: 2
 Concurrent Refinement Workers: 8
 Periodic GC: Disabled
Heap:
 garbage-first heap   total 122880K, used 75793K [0x0000000701e00000, 0x0000000800000000)
  region size 2048K, 21 young (43008K), 3 survivors (6144K)
 Metaspace       used 89648K, committed 90368K, reserved 1179648K
  class space    used 11956K, committed 12352K, reserved 1048576K
GC Heap History (20 events):
Event: 9.981 GC heap before
{Heap before GC invocations=26 (full 0):
 garbage-first heap   total 110592K, used 89089K [0x0000000701e00000, 0x0000000800000000)
  region size 2048K, 29 young (59392K), 4 survivors (8192K)
 Metaspace       used 83429K, committed 84096K, reserved 1179648K
  class space    used 11075K, committed 11392K, reserved 1048576K
}
Event: 9.990 GC heap after
{Heap after GC invocations=27 (full 0):
 garbage-first heap   total 133120K, used 43502K [0x0000000701e00000, 0x0000000800000000)
  region size 2048K, 4 young (8192K), 4 survivors (8192K)
 Metaspace       used 83429K, committed 84096K, reserved 1179648K
  class space    used 11075K, committed 11392K, reserved 1048576K
}
Event: 10.234 GC heap before
{Heap before GC invocations=27 (full 0):
 garbage-first heap   total 133120K, used 113134K [0x0000000701e00000, 0x0000000800000000)
  region size 2048K, 39 young (79872K), 4 survivors (8192K)
 Metaspace       used 83523K, committed 84160K, reserved 1179648K
  class space    used 11088K, committed 11392K, reserved 1048576K
}
Event: 10.241 GC heap after
{Heap after GC invocations=28 (full 0):
 garbage-first heap   total 133120K, used 43932K [0x0000000701e00000, 0x0000000800000000)
  region size 2048K, 3 young (6144K), 3 survivors (6144K)
 Metaspace       used 83523K, committed 84160K, reserved 1179648K
  class space    used 11088K, committed 11392K, reserved 1048576K
}
Event: 10.435 GC heap before
{Heap before GC invocations=28 (full 0):
 garbage-first heap   total 133120K, used 113564K [0x0000000701e00000, 0x0000000800000000)
  region size 2048K, 38 young (77824K), 3 survivors (6144K)
 Metaspace       used 83541K, committed 84160K, reserved 1179648K
  class space    used 11093K, committed 11392K, reserved 1048576K
}
Event: 10.438 GC heap after
{Heap after GC invocations=29 (full 0):
 garbage-first heap   total 133120K, used 43755K [0x0000000701e00000, 0x0000000800000000)
  region size 2048K, 2 young (4096K), 2 survivors (4096K)
 Metaspace       used 83541K, committed 84160K, reserved 1179648K
  class space    used 11093K, committed 11392K, reserved 1048576K
}
Event: 10.562 GC heap before
{Heap before GC invocations=29 (full 0):
 garbage-first heap   total 133120K, used 103147K [0x0000000701e00000, 0x0000000800000000)
  region size 2048K, 33 young (67584K), 2 survivors (4096K)
 Metaspace       used 83541K, committed 84160K, reserved 1179648K
  class space    used 11093K, committed 11392K, reserved 1048576K
}
Event: 10.575 GC heap after
{Heap after GC invocations=30 (full 0):
 garbage-first heap   total 133120K, used 59548K [0x0000000701e00000, 0x0000000800000000)
  region size 2048K, 5 young (10240K), 5 survivors (10240K)
 Metaspace       used 83541K, committed 84160K, reserved 1179648K
  class space    used 11093K, committed 11392K, reserved 1048576K
}
Event: 10.777 GC heap before
{Heap before GC invocations=31 (full 0):
 garbage-first heap   total 133120K, used 108700K [0x0000000701e00000, 0x0000000800000000)
  region size 2048K, 30 young (61440K), 5 survivors (10240K)
 Metaspace       used 83524K, committed 84160K, reserved 1179648K
  class space    used 11090K, committed 11392K, reserved 1048576K
}
Event: 10.786 GC heap after
{Heap after GC invocations=32 (full 0):
 garbage-first heap   total 133120K, used 68111K [0x0000000701e00000, 0x0000000800000000)
  region size 2048K, 4 young (8192K), 4 survivors (8192K)
 Metaspace       used 83524K, committed 84160K, reserved 1179648K
  class space    used 11090K, committed 11392K, reserved 1048576K
}
Event: 11.125 GC heap before
{Heap before GC invocations=32 (full 0):
 garbage-first heap   total 133120K, used 111119K [0x0000000701e00000, 0x0000000800000000)
  region size 2048K, 25 young (51200K), 4 survivors (8192K)
 Metaspace       used 84478K, committed 85248K, reserved 1179648K
  class space    used 11293K, committed 11648K, reserved 1048576K
}
Event: 11.135 GC heap after
{Heap after GC invocations=33 (full 0):
 garbage-first heap   total 194560K, used 77142K [0x0000000701e00000, 0x0000000800000000)
  region size 2048K, 4 young (8192K), 4 survivors (8192K)
 Metaspace       used 84478K, committed 85248K, reserved 1179648K
  class space    used 11293K, committed 11648K, reserved 1048576K
}
Event: 213.547 GC heap before
{Heap before GC invocations=33 (full 0):
 garbage-first heap   total 194560K, used 161110K [0x0000000701e00000, 0x0000000800000000)
  region size 2048K, 46 young (94208K), 4 survivors (8192K)
 Metaspace       used 87339K, committed 88128K, reserved 1179648K
  class space    used 11719K, committed 12096K, reserved 1048576K
}
Event: 213.557 GC heap after
{Heap after GC invocations=34 (full 0):
 garbage-first heap   total 194560K, used 81739K [0x0000000701e00000, 0x0000000800000000)
  region size 2048K, 2 young (4096K), 2 survivors (4096K)
 Metaspace       used 87339K, committed 88128K, reserved 1179648K
  class space    used 11719K, committed 12096K, reserved 1048576K
}
Event: 720.043 GC heap before
{Heap before GC invocations=34 (full 0):
 garbage-first heap   total 194560K, used 157515K [0x0000000701e00000, 0x0000000800000000)
  region size 2048K, 40 young (81920K), 2 survivors (4096K)
 Metaspace       used 89240K, committed 90048K, reserved 1179648K
  class space    used 11966K, committed 12352K, reserved 1048576K
}
Event: 720.097 GC heap after
{Heap after GC invocations=35 (full 1):
 garbage-first heap   total 122880K, used 31500K [0x0000000701e00000, 0x0000000800000000)
  region size 2048K, 0 young (0K), 0 survivors (0K)
 Metaspace       used 88750K, committed 90048K, reserved 1179648K
  class space    used 11844K, committed 12352K, reserved 1048576K
}
Event: 723.345 GC heap before
{Heap before GC invocations=35 (full 1):
 garbage-first heap   total 122880K, used 92940K [0x0000000701e00000, 0x0000000800000000)
  region size 2048K, 31 young (63488K), 0 survivors (0K)
 Metaspace       used 89092K, committed 90048K, reserved 1179648K
  class space    used 11888K, committed 12352K, reserved 1048576K
}
Event: 723.349 GC heap after
{Heap after GC invocations=36 (full 1):
 garbage-first heap   total 122880K, used 37223K [0x0000000701e00000, 0x0000000800000000)
  region size 2048K, 3 young (6144K), 3 survivors (6144K)
 Metaspace       used 89092K, committed 90048K, reserved 1179648K
  class space    used 11888K, committed 12352K, reserved 1048576K
}
Event: 724.093 GC heap before
{Heap before GC invocations=37 (full 1):
 garbage-first heap   total 122880K, used 96615K [0x0000000701e00000, 0x0000000800000000)
  region size 2048K, 32 young (65536K), 3 survivors (6144K)
 Metaspace       used 89497K, committed 90240K, reserved 1179648K
  class space    used 11943K, committed 12352K, reserved 1048576K
}
Event: 724.100 GC heap after
{Heap after GC invocations=38 (full 1):
 garbage-first heap   total 122880K, used 40977K [0x0000000701e00000, 0x0000000800000000)
  region size 2048K, 3 young (6144K), 3 survivors (6144K)
 Metaspace       used 89497K, committed 90240K, reserved 1179648K
  class space    used 11943K, committed 12352K, reserved 1048576K
}

